<?xml version="1.0" encoding="UTF-8"?><testsuite failures="1" name="cucumber.runtime.formatter.JUnitFormatter" skipped="0" tests="1" time="80.122139">
<testcase classname="Add new student" name="Try to add a student already present in the list" time="80.122139">
<failure message="org.openqa.selenium.NoSuchElementException: An element could not be located on the page using the given search parameters.&#10;For documentation on this error, please visit: https://www.seleniumhq.org/exceptions/no_such_element.html&#10;Build info: version: '3.141.59', revision: 'e82be7d358', time: '2018-11-14T08:17:03'&#10;System info: host: 'Diogos-MacBook-Pro.local', ip: '2804:431:cfc7:54d:a979:ce39:48aa:b693%en0', os.name: 'Mac OS X', os.arch: 'x86_64', os.version: '10.15.1', java.version: '13.0.1'&#10;Driver info: io.appium.java_client.AppiumDriver&#10;Capabilities {app: /Users/diogodourado/Projeto..., autoLaunch: true, browserName: , databaseEnabled: false, deviceName: iPhone 8, javascriptEnabled: true, launchTimeout: 20000, locationContextEnabled: false, networkConnectionEnabled: false, newCommandTimeout: 18000, platform: MAC, platformName: MAC, platformVersion: 13.3, takesScreenshot: true, udid: DE30F58D-9255-46BA-BC67-4AB..., webStorageEnabled: false, xcodeOrgId: 42BJ74CFXP, xcodeSigningId: iPhone Developer}&#10;Session ID: 2688611f-a5cb-4e0b-bd6b-18e18710c941&#10;*** Element info: {Using=name, value=haveCode}&#10;&#9;at java.base/jdk.internal.reflect.NativeConstructorAccessorImpl.newInstance0(Native Method)&#10;&#9;at java.base/jdk.internal.reflect.NativeConstructorAccessorImpl.newInstance(NativeConstructorAccessorImpl.java:62)&#10;&#9;at java.base/jdk.internal.reflect.DelegatingConstructorAccessorImpl.newInstance(DelegatingConstructorAccessorImpl.java:45)&#10;&#9;at java.base/java.lang.reflect.Constructor.newInstanceWithCaller(Constructor.java:500)&#10;&#9;at java.base/java.lang.reflect.Constructor.newInstance(Constructor.java:481)&#10;&#9;at org.openqa.selenium.remote.http.W3CHttpResponseCodec.createException(W3CHttpResponseCodec.java:187)&#10;&#9;at org.openqa.selenium.remote.http.W3CHttpResponseCodec.decode(W3CHttpResponseCodec.java:122)&#10;&#9;at org.openqa.selenium.remote.http.W3CHttpResponseCodec.decode(W3CHttpResponseCodec.java:49)&#10;&#9;at org.openqa.selenium.remote.HttpCommandExecutor.execute(HttpCommandExecutor.java:158)&#10;&#9;at io.appium.java_client.remote.AppiumCommandExecutor.execute(AppiumCommandExecutor.java:239)&#10;&#9;at org.openqa.selenium.remote.RemoteWebDriver.execute(RemoteWebDriver.java:552)&#10;&#9;at io.appium.java_client.DefaultGenericMobileDriver.execute(DefaultGenericMobileDriver.java:42)&#10;&#9;at io.appium.java_client.AppiumDriver.execute(AppiumDriver.java:1)&#10;&#9;at org.openqa.selenium.remote.RemoteWebDriver.findElement(RemoteWebDriver.java:323)&#10;&#9;at io.appium.java_client.DefaultGenericMobileDriver.findElement(DefaultGenericMobileDriver.java:62)&#10;&#9;at io.appium.java_client.AppiumDriver.findElement(AppiumDriver.java:1)&#10;&#9;at org.openqa.selenium.remote.RemoteWebDriver.findElementByName(RemoteWebDriver.java:404)&#10;&#9;at io.appium.java_client.DefaultGenericMobileDriver.findElementByName(DefaultGenericMobileDriver.java:118)&#10;&#9;at io.appium.java_client.AppiumDriver.findElementByName(AppiumDriver.java:1)&#10;&#9;at org.openqa.selenium.By$ByName.findElement(By.java:284)&#10;&#9;at org.openqa.selenium.remote.RemoteWebDriver.findElement(RemoteWebDriver.java:315)&#10;&#9;at io.appium.java_client.DefaultGenericMobileDriver.findElement(DefaultGenericMobileDriver.java:58)&#10;&#9;at io.appium.java_client.AppiumDriver.findElement(AppiumDriver.java:1)&#10;&#9;at features.elements_mapping.ios.AddNewStudentMapping.getErrorMessageAboutAlreadyAddedStudent(AddNewStudentMapping.java:69)&#10;&#9;at features.steps.AddNewStudentSteps.theErrorMessageAboutStudentAlreadyAddedShouldBeDisplayed(AddNewStudentSteps.java:223)&#10;&#9;at ✽.the error message about student already added should be displayed(src/test/resources/requirements/add_new_student.feature:58)&#10;"><![CDATA[Given "Daniela" is logged in the application................................passed
And she fills the fields with an added student..............................passed
When she triggers the save option...........................................passed
Then the error message about student already added should be displayed......failed
And the new student is not added to the list................................skipped
And the completed field should remain with the written value................skipped

StackTrace:
org.openqa.selenium.NoSuchElementException: An element could not be located on the page using the given search parameters.
For documentation on this error, please visit: https://www.seleniumhq.org/exceptions/no_such_element.html
Build info: version: '3.141.59', revision: 'e82be7d358', time: '2018-11-14T08:17:03'
System info: host: 'Diogos-MacBook-Pro.local', ip: '2804:431:cfc7:54d:a979:ce39:48aa:b693%en0', os.name: 'Mac OS X', os.arch: 'x86_64', os.version: '10.15.1', java.version: '13.0.1'
Driver info: io.appium.java_client.AppiumDriver
Capabilities {app: /Users/diogodourado/Projeto..., autoLaunch: true, browserName: , databaseEnabled: false, deviceName: iPhone 8, javascriptEnabled: true, launchTimeout: 20000, locationContextEnabled: false, networkConnectionEnabled: false, newCommandTimeout: 18000, platform: MAC, platformName: MAC, platformVersion: 13.3, takesScreenshot: true, udid: DE30F58D-9255-46BA-BC67-4AB..., webStorageEnabled: false, xcodeOrgId: 42BJ74CFXP, xcodeSigningId: iPhone Developer}
Session ID: 2688611f-a5cb-4e0b-bd6b-18e18710c941
*** Element info: {Using=name, value=haveCode}
	at java.base/jdk.internal.reflect.NativeConstructorAccessorImpl.newInstance0(Native Method)
	at java.base/jdk.internal.reflect.NativeConstructorAccessorImpl.newInstance(NativeConstructorAccessorImpl.java:62)
	at java.base/jdk.internal.reflect.DelegatingConstructorAccessorImpl.newInstance(DelegatingConstructorAccessorImpl.java:45)
	at java.base/java.lang.reflect.Constructor.newInstanceWithCaller(Constructor.java:500)
	at java.base/java.lang.reflect.Constructor.newInstance(Constructor.java:481)
	at org.openqa.selenium.remote.http.W3CHttpResponseCodec.createException(W3CHttpResponseCodec.java:187)
	at org.openqa.selenium.remote.http.W3CHttpResponseCodec.decode(W3CHttpResponseCodec.java:122)
	at org.openqa.selenium.remote.http.W3CHttpResponseCodec.decode(W3CHttpResponseCodec.java:49)
	at org.openqa.selenium.remote.HttpCommandExecutor.execute(HttpCommandExecutor.java:158)
	at io.appium.java_client.remote.AppiumCommandExecutor.execute(AppiumCommandExecutor.java:239)
	at org.openqa.selenium.remote.RemoteWebDriver.execute(RemoteWebDriver.java:552)
	at io.appium.java_client.DefaultGenericMobileDriver.execute(DefaultGenericMobileDriver.java:42)
	at io.appium.java_client.AppiumDriver.execute(AppiumDriver.java:1)
	at org.openqa.selenium.remote.RemoteWebDriver.findElement(RemoteWebDriver.java:323)
	at io.appium.java_client.DefaultGenericMobileDriver.findElement(DefaultGenericMobileDriver.java:62)
	at io.appium.java_client.AppiumDriver.findElement(AppiumDriver.java:1)
	at org.openqa.selenium.remote.RemoteWebDriver.findElementByName(RemoteWebDriver.java:404)
	at io.appium.java_client.DefaultGenericMobileDriver.findElementByName(DefaultGenericMobileDriver.java:118)
	at io.appium.java_client.AppiumDriver.findElementByName(AppiumDriver.java:1)
	at org.openqa.selenium.By$ByName.findElement(By.java:284)
	at org.openqa.selenium.remote.RemoteWebDriver.findElement(RemoteWebDriver.java:315)
	at io.appium.java_client.DefaultGenericMobileDriver.findElement(DefaultGenericMobileDriver.java:58)
	at io.appium.java_client.AppiumDriver.findElement(AppiumDriver.java:1)
	at features.elements_mapping.ios.AddNewStudentMapping.getErrorMessageAboutAlreadyAddedStudent(AddNewStudentMapping.java:69)
	at features.steps.AddNewStudentSteps.theErrorMessageAboutStudentAlreadyAddedShouldBeDisplayed(AddNewStudentSteps.java:223)
	at ✽.the error message about student already added should be displayed(src/test/resources/requirements/add_new_student.feature:58)
]]></failure>
</testcase>
</testsuite>
