<?xml version="1.0" encoding="UTF-8"?><testsuite errors="2" failures="0" name="Add new student" skipped="0" tests="12" time="265.15" timestamp="2020-10-05 04:18:45"><testcase name="Add new student"/><testcase name="Cancel the add action after fill the field(s)"/><testcase name="Try to add a new student with some empty fields"/><testcase name="Try to add a student already present in the default list"><error message="An element could not be located on the page using the given search parameters.&#10;For documentation on this error, please visit: https://www.seleniumhq.org/exceptions/no_such_element.html&#10;Build info: version: '3.141.59', revision: 'e82be7d358', time: '2018-11-14T08:17:03'&#10;System info: host: 'Diogos-MacBook-Pro.local', ip: '2804:431:cfc7:3728:d57:13ba:43bc:daff%en0', os.name: 'Mac OS X', os.arch: 'x86_64', os.version: '10.15.1', java.version: '1.8.0_242'&#10;Driver info: io.appium.java_client.AppiumDriver&#10;Capabilities {app: /Users/diogodourado/Projeto..., appActivity: host.exp.exponent.MainActivity, appPackage: com.ifood.testqa, autoWebviewTimeout: 4, automationName: UiAutomator2, databaseEnabled: false, desired: {app: /Users/diogodourado/Projeto..., appActivity: host.exp.exponent.MainActivity, appPackage: com.ifood.testqa, autoWebviewTimeout: 4, automationName: UiAutomator2, deviceName: Awsomedroid, platformName: android, resetKeyboard: true, udid: emulator-5554, unicodeKeyboard: true}, deviceApiLevel: 29, deviceManufacturer: Google, deviceModel: Android SDK built for x86, deviceName: emulator-5554, deviceScreenDensity: 560, deviceScreenSize: 1440x2560, deviceUDID: emulator-5554, javascriptEnabled: true, locationContextEnabled: false, networkConnectionEnabled: true, pixelRatio: 3.5, platform: LINUX, platformName: LINUX, platformVersion: 10, resetKeyboard: true, statBarHeight: 84, takesScreenshot: true, udid: emulator-5554, unicodeKeyboard: true, viewportRect: {height: 2308, left: 0, top: 84, width: 1440}, warnings: {}, webStorageEnabled: false}&#10;Session ID: 5fc40c85-61c7-470c-9286-0bafb2895b03&#10;*** Element info: {Using=xpath, value=//android.widget.TextView[@content-desc='haveCode']}&#10;For documentation on this error, please visit: https://www.seleniumhq.org/exceptions/no_such_element.html&#10;Build info: version: '3.141.59', revision: 'e82be7d358', time: '2018-11-14T08:17:03'&#10;System info: host: 'Diogos-MacBook-Pro.local', ip: '2804:431:cfc7:3728:d57:13ba:43bc:daff%en0', os.name: 'Mac OS X', os.arch: 'x86_64', os.version: '10.15.1', java.version: '1.8.0_242'&#10;Driver info: driver.version: AppiumDriver" type="org.openqa.selenium.NoSuchElementException">An element could not be located on the page using the given search parameters.
For documentation on this error, please visit: https://www.seleniumhq.org/exceptions/no_such_element.html
Build info: version: '3.141.59', revision: 'e82be7d358', time: '2018-11-14T08:17:03'
System info: host: 'Diogos-MacBook-Pro.local', ip: '2804:431:cfc7:3728:d57:13ba:43bc:daff%en0', os.name: 'Mac OS X', os.arch: 'x86_64', os.version: '10.15.1', java.version: '1.8.0_242'
Driver info: io.appium.java_client.AppiumDriver
Capabilities {app: /Users/diogodourado/Projeto..., appActivity: host.exp.exponent.MainActivity, appPackage: com.ifood.testqa, autoWebviewTimeout: 4, automationName: UiAutomator2, databaseEnabled: false, desired: {app: /Users/diogodourado/Projeto..., appActivity: host.exp.exponent.MainActivity, appPackage: com.ifood.testqa, autoWebviewTimeout: 4, automationName: UiAutomator2, deviceName: Awsomedroid, platformName: android, resetKeyboard: true, udid: emulator-5554, unicodeKeyboard: true}, deviceApiLevel: 29, deviceManufacturer: Google, deviceModel: Android SDK built for x86, deviceName: emulator-5554, deviceScreenDensity: 560, deviceScreenSize: 1440x2560, deviceUDID: emulator-5554, javascriptEnabled: true, locationContextEnabled: false, networkConnectionEnabled: true, pixelRatio: 3.5, platform: LINUX, platformName: LINUX, platformVersion: 10, resetKeyboard: true, statBarHeight: 84, takesScreenshot: true, udid: emulator-5554, unicodeKeyboard: true, viewportRect: {height: 2308, left: 0, top: 84, width: 1440}, warnings: {}, webStorageEnabled: false}
Session ID: 5fc40c85-61c7-470c-9286-0bafb2895b03
*** Element info: {Using=xpath, value=//android.widget.TextView[@content-desc='haveCode']}
For documentation on this error, please visit: https://www.seleniumhq.org/exceptions/no_such_element.html
Build info: version: '3.141.59', revision: 'e82be7d358', time: '2018-11-14T08:17:03'
System info: host: 'Diogos-MacBook-Pro.local', ip: '2804:431:cfc7:3728:d57:13ba:43bc:daff%en0', os.name: 'Mac OS X', os.arch: 'x86_64', os.version: '10.15.1', java.version: '1.8.0_242'
Driver info: driver.version: AppiumDriver</error><system-err>An element could not be located on the page using the given search parameters.
For documentation on this error, please visit: https://www.seleniumhq.org/exceptions/no_such_element.html
Build info: version: '3.141.59', revision: 'e82be7d358', time: '2018-11-14T08:17:03'
System info: host: 'Diogos-MacBook-Pro.local', ip: '2804:431:cfc7:3728:d57:13ba:43bc:daff%en0', os.name: 'Mac OS X', os.arch: 'x86_64', os.version: '10.15.1', java.version: '1.8.0_242'
Driver info: io.appium.java_client.AppiumDriver
Capabilities {app: /Users/diogodourado/Projeto..., appActivity: host.exp.exponent.MainActivity, appPackage: com.ifood.testqa, autoWebviewTimeout: 4, automationName: UiAutomator2, databaseEnabled: false, desired: {app: /Users/diogodourado/Projeto..., appActivity: host.exp.exponent.MainActivity, appPackage: com.ifood.testqa, autoWebviewTimeout: 4, automationName: UiAutomator2, deviceName: Awsomedroid, platformName: android, resetKeyboard: true, udid: emulator-5554, unicodeKeyboard: true}, deviceApiLevel: 29, deviceManufacturer: Google, deviceModel: Android SDK built for x86, deviceName: emulator-5554, deviceScreenDensity: 560, deviceScreenSize: 1440x2560, deviceUDID: emulator-5554, javascriptEnabled: true, locationContextEnabled: false, networkConnectionEnabled: true, pixelRatio: 3.5, platform: LINUX, platformName: LINUX, platformVersion: 10, resetKeyboard: true, statBarHeight: 84, takesScreenshot: true, udid: emulator-5554, unicodeKeyboard: true, viewportRect: {height: 2308, left: 0, top: 84, width: 1440}, warnings: {}, webStorageEnabled: false}
Session ID: 5fc40c85-61c7-470c-9286-0bafb2895b03
*** Element info: {Using=xpath, value=//android.widget.TextView[@content-desc='haveCode']}
For documentation on this error, please visit: https://www.seleniumhq.org/exceptions/no_such_element.html
Build info: version: '3.141.59', revision: 'e82be7d358', time: '2018-11-14T08:17:03'
System info: host: 'Diogos-MacBook-Pro.local', ip: '2804:431:cfc7:3728:d57:13ba:43bc:daff%en0', os.name: 'Mac OS X', os.arch: 'x86_64', os.version: '10.15.1', java.version: '1.8.0_242'
Driver info: driver.version: AppiumDriver
io.appium.java_client.remote.AppiumCommandExecutor.execute(AppiumCommandExecutor.java:239)
io.appium.java_client.DefaultGenericMobileDriver.execute(DefaultGenericMobileDriver.java:42)
io.appium.java_client.AppiumDriver.execute(AppiumDriver.java:1)
io.appium.java_client.DefaultGenericMobileDriver.findElement(DefaultGenericMobileDriver.java:62)
io.appium.java_client.AppiumDriver.findElement(AppiumDriver.java:1)
io.appium.java_client.DefaultGenericMobileDriver.findElementByXPath(DefaultGenericMobileDriver.java:152)
io.appium.java_client.AppiumDriver.findElementByXPath(AppiumDriver.java:1)
io.appium.java_client.DefaultGenericMobileDriver.findElement(DefaultGenericMobileDriver.java:58)
io.appium.java_client.AppiumDriver.findElement(AppiumDriver.java:1)
features.elements_mapping.android.AddNewStudentMapping.getErrorMessageAboutAlreadyAddedStudent(AddNewStudentMapping.java:79)
features.steps.AddNewStudentSteps.theErrorMessageAboutStudentAlreadyAddedShouldBeDisplayed(AddNewStudentSteps.java:217)
✽.the error message about student already added should be displayed(src/test/resources/requirements/add_new_student.feature:58)
</system-err></testcase><testcase name="Try to add the same student twice"/><testcase name="Try to add the same student twice only changing the code to uppercase"><error message="An element could not be located on the page using the given search parameters.&#10;For documentation on this error, please visit: https://www.seleniumhq.org/exceptions/no_such_element.html&#10;Build info: version: '3.141.59', revision: 'e82be7d358', time: '2018-11-14T08:17:03'&#10;System info: host: 'Diogos-MacBook-Pro.local', ip: '2804:431:cfc7:3728:d57:13ba:43bc:daff%en0', os.name: 'Mac OS X', os.arch: 'x86_64', os.version: '10.15.1', java.version: '1.8.0_242'&#10;Driver info: io.appium.java_client.AppiumDriver&#10;Capabilities {app: /Users/diogodourado/Projeto..., appActivity: host.exp.exponent.MainActivity, appPackage: com.ifood.testqa, autoWebviewTimeout: 4, automationName: UiAutomator2, databaseEnabled: false, desired: {app: /Users/diogodourado/Projeto..., appActivity: host.exp.exponent.MainActivity, appPackage: com.ifood.testqa, autoWebviewTimeout: 4, automationName: UiAutomator2, deviceName: Awsomedroid, platformName: android, resetKeyboard: true, udid: emulator-5554, unicodeKeyboard: true}, deviceApiLevel: 29, deviceManufacturer: Google, deviceModel: Android SDK built for x86, deviceName: emulator-5554, deviceScreenDensity: 560, deviceScreenSize: 1440x2560, deviceUDID: emulator-5554, javascriptEnabled: true, locationContextEnabled: false, networkConnectionEnabled: true, pixelRatio: 3.5, platform: LINUX, platformName: LINUX, platformVersion: 10, resetKeyboard: true, statBarHeight: 84, takesScreenshot: true, udid: emulator-5554, unicodeKeyboard: true, viewportRect: {height: 2308, left: 0, top: 84, width: 1440}, warnings: {}, webStorageEnabled: false}&#10;Session ID: d6a30c62-c0c1-4cc3-b6a1-8c8ed377fd1a&#10;*** Element info: {Using=xpath, value=//android.widget.TextView[@content-desc='haveCode']}&#10;For documentation on this error, please visit: https://www.seleniumhq.org/exceptions/no_such_element.html&#10;Build info: version: '3.141.59', revision: 'e82be7d358', time: '2018-11-14T08:17:03'&#10;System info: host: 'Diogos-MacBook-Pro.local', ip: '2804:431:cfc7:3728:d57:13ba:43bc:daff%en0', os.name: 'Mac OS X', os.arch: 'x86_64', os.version: '10.15.1', java.version: '1.8.0_242'&#10;Driver info: driver.version: AppiumDriver" type="org.openqa.selenium.NoSuchElementException">An element could not be located on the page using the given search parameters.
For documentation on this error, please visit: https://www.seleniumhq.org/exceptions/no_such_element.html
Build info: version: '3.141.59', revision: 'e82be7d358', time: '2018-11-14T08:17:03'
System info: host: 'Diogos-MacBook-Pro.local', ip: '2804:431:cfc7:3728:d57:13ba:43bc:daff%en0', os.name: 'Mac OS X', os.arch: 'x86_64', os.version: '10.15.1', java.version: '1.8.0_242'
Driver info: io.appium.java_client.AppiumDriver
Capabilities {app: /Users/diogodourado/Projeto..., appActivity: host.exp.exponent.MainActivity, appPackage: com.ifood.testqa, autoWebviewTimeout: 4, automationName: UiAutomator2, databaseEnabled: false, desired: {app: /Users/diogodourado/Projeto..., appActivity: host.exp.exponent.MainActivity, appPackage: com.ifood.testqa, autoWebviewTimeout: 4, automationName: UiAutomator2, deviceName: Awsomedroid, platformName: android, resetKeyboard: true, udid: emulator-5554, unicodeKeyboard: true}, deviceApiLevel: 29, deviceManufacturer: Google, deviceModel: Android SDK built for x86, deviceName: emulator-5554, deviceScreenDensity: 560, deviceScreenSize: 1440x2560, deviceUDID: emulator-5554, javascriptEnabled: true, locationContextEnabled: false, networkConnectionEnabled: true, pixelRatio: 3.5, platform: LINUX, platformName: LINUX, platformVersion: 10, resetKeyboard: true, statBarHeight: 84, takesScreenshot: true, udid: emulator-5554, unicodeKeyboard: true, viewportRect: {height: 2308, left: 0, top: 84, width: 1440}, warnings: {}, webStorageEnabled: false}
Session ID: d6a30c62-c0c1-4cc3-b6a1-8c8ed377fd1a
*** Element info: {Using=xpath, value=//android.widget.TextView[@content-desc='haveCode']}
For documentation on this error, please visit: https://www.seleniumhq.org/exceptions/no_such_element.html
Build info: version: '3.141.59', revision: 'e82be7d358', time: '2018-11-14T08:17:03'
System info: host: 'Diogos-MacBook-Pro.local', ip: '2804:431:cfc7:3728:d57:13ba:43bc:daff%en0', os.name: 'Mac OS X', os.arch: 'x86_64', os.version: '10.15.1', java.version: '1.8.0_242'
Driver info: driver.version: AppiumDriver</error><system-err>An element could not be located on the page using the given search parameters.
For documentation on this error, please visit: https://www.seleniumhq.org/exceptions/no_such_element.html
Build info: version: '3.141.59', revision: 'e82be7d358', time: '2018-11-14T08:17:03'
System info: host: 'Diogos-MacBook-Pro.local', ip: '2804:431:cfc7:3728:d57:13ba:43bc:daff%en0', os.name: 'Mac OS X', os.arch: 'x86_64', os.version: '10.15.1', java.version: '1.8.0_242'
Driver info: io.appium.java_client.AppiumDriver
Capabilities {app: /Users/diogodourado/Projeto..., appActivity: host.exp.exponent.MainActivity, appPackage: com.ifood.testqa, autoWebviewTimeout: 4, automationName: UiAutomator2, databaseEnabled: false, desired: {app: /Users/diogodourado/Projeto..., appActivity: host.exp.exponent.MainActivity, appPackage: com.ifood.testqa, autoWebviewTimeout: 4, automationName: UiAutomator2, deviceName: Awsomedroid, platformName: android, resetKeyboard: true, udid: emulator-5554, unicodeKeyboard: true}, deviceApiLevel: 29, deviceManufacturer: Google, deviceModel: Android SDK built for x86, deviceName: emulator-5554, deviceScreenDensity: 560, deviceScreenSize: 1440x2560, deviceUDID: emulator-5554, javascriptEnabled: true, locationContextEnabled: false, networkConnectionEnabled: true, pixelRatio: 3.5, platform: LINUX, platformName: LINUX, platformVersion: 10, resetKeyboard: true, statBarHeight: 84, takesScreenshot: true, udid: emulator-5554, unicodeKeyboard: true, viewportRect: {height: 2308, left: 0, top: 84, width: 1440}, warnings: {}, webStorageEnabled: false}
Session ID: d6a30c62-c0c1-4cc3-b6a1-8c8ed377fd1a
*** Element info: {Using=xpath, value=//android.widget.TextView[@content-desc='haveCode']}
For documentation on this error, please visit: https://www.seleniumhq.org/exceptions/no_such_element.html
Build info: version: '3.141.59', revision: 'e82be7d358', time: '2018-11-14T08:17:03'
System info: host: 'Diogos-MacBook-Pro.local', ip: '2804:431:cfc7:3728:d57:13ba:43bc:daff%en0', os.name: 'Mac OS X', os.arch: 'x86_64', os.version: '10.15.1', java.version: '1.8.0_242'
Driver info: driver.version: AppiumDriver
io.appium.java_client.remote.AppiumCommandExecutor.execute(AppiumCommandExecutor.java:239)
io.appium.java_client.DefaultGenericMobileDriver.execute(DefaultGenericMobileDriver.java:42)
io.appium.java_client.AppiumDriver.execute(AppiumDriver.java:1)
io.appium.java_client.DefaultGenericMobileDriver.findElement(DefaultGenericMobileDriver.java:62)
io.appium.java_client.AppiumDriver.findElement(AppiumDriver.java:1)
io.appium.java_client.DefaultGenericMobileDriver.findElementByXPath(DefaultGenericMobileDriver.java:152)
io.appium.java_client.AppiumDriver.findElementByXPath(AppiumDriver.java:1)
io.appium.java_client.DefaultGenericMobileDriver.findElement(DefaultGenericMobileDriver.java:58)
io.appium.java_client.AppiumDriver.findElement(AppiumDriver.java:1)
features.elements_mapping.android.AddNewStudentMapping.getErrorMessageAboutAlreadyAddedStudent(AddNewStudentMapping.java:79)
features.steps.AddNewStudentSteps.theErrorMessageAboutStudentAlreadyAddedShouldBeDisplayed(AddNewStudentSteps.java:217)
✽.the error message about student already added should be displayed(src/test/resources/requirements/add_new_student.feature:77)
</system-err></testcase></testsuite>