<?xml version="1.0" encoding="UTF-8"?><testsuite errors="1" failures="0" name="Login" skipped="0" tests="6" time="169.96" timestamp="2020-10-02 12:39:13"><testcase name="Try login with invalid values"><error message="An element could not be located on the page using the given search parameters.&#10;For documentation on this error, please visit: https://www.seleniumhq.org/exceptions/no_such_element.html&#10;Build info: version: '3.141.59', revision: 'e82be7d358', time: '2018-11-14T08:17:03'&#10;System info: host: 'Diogos-MacBook-Pro.local', ip: '2804:431:cfd6:17a2:dd85:89b1:dcc9:7e2c%en0', os.name: 'Mac OS X', os.arch: 'x86_64', os.version: '10.15.1', java.version: '13.0.1'&#10;Driver info: io.appium.java_client.AppiumDriver&#10;Capabilities {app: /Users/diogodourado/Projeto..., appActivity: host.exp.exponent.MainActivity, appPackage: com.ifood.testqa, autoWebviewTimeout: 4, automationName: UiAutomator2, databaseEnabled: false, desired: {app: /Users/diogodourado/Projeto..., appActivity: host.exp.exponent.MainActivity, appPackage: com.ifood.testqa, autoWebviewTimeout: 4, automationName: UiAutomator2, deviceName: Awsomedroid, platformName: android, resetKeyboard: true, udid: emulator-5554, unicodeKeyboard: true}, deviceApiLevel: 29, deviceManufacturer: Google, deviceModel: Android SDK built for x86, deviceName: emulator-5554, deviceScreenDensity: 480, deviceScreenSize: 1440x2960, deviceUDID: emulator-5554, javascriptEnabled: true, locationContextEnabled: false, networkConnectionEnabled: true, pixelRatio: 3, platform: LINUX, platformName: LINUX, platformVersion: 10, resetKeyboard: true, statBarHeight: 147, takesScreenshot: true, udid: emulator-5554, unicodeKeyboard: true, viewportRect: {height: 2498, left: 0, top: 147, width: 1440}, warnings: {}, webStorageEnabled: false}&#10;Session ID: a48a6748-a788-4a16-a568-cd77b779bd91&#10;*** Element info: {Using=xpath, value=//android.widget.TextView[@content-desc='lognFail']}&#10;For documentation on this error, please visit: https://www.seleniumhq.org/exceptions/no_such_element.html&#10;Build info: version: '3.141.59', revision: 'e82be7d358', time: '2018-11-14T08:17:03'&#10;System info: host: 'Diogos-MacBook-Pro.local', ip: '2804:431:cfd6:17a2:dd85:89b1:dcc9:7e2c%en0', os.name: 'Mac OS X', os.arch: 'x86_64', os.version: '10.15.1', java.version: '13.0.1'&#10;Driver info: driver.version: AppiumDriver" type="org.openqa.selenium.NoSuchElementException">An element could not be located on the page using the given search parameters.
For documentation on this error, please visit: https://www.seleniumhq.org/exceptions/no_such_element.html
Build info: version: '3.141.59', revision: 'e82be7d358', time: '2018-11-14T08:17:03'
System info: host: 'Diogos-MacBook-Pro.local', ip: '2804:431:cfd6:17a2:dd85:89b1:dcc9:7e2c%en0', os.name: 'Mac OS X', os.arch: 'x86_64', os.version: '10.15.1', java.version: '13.0.1'
Driver info: io.appium.java_client.AppiumDriver
Capabilities {app: /Users/diogodourado/Projeto..., appActivity: host.exp.exponent.MainActivity, appPackage: com.ifood.testqa, autoWebviewTimeout: 4, automationName: UiAutomator2, databaseEnabled: false, desired: {app: /Users/diogodourado/Projeto..., appActivity: host.exp.exponent.MainActivity, appPackage: com.ifood.testqa, autoWebviewTimeout: 4, automationName: UiAutomator2, deviceName: Awsomedroid, platformName: android, resetKeyboard: true, udid: emulator-5554, unicodeKeyboard: true}, deviceApiLevel: 29, deviceManufacturer: Google, deviceModel: Android SDK built for x86, deviceName: emulator-5554, deviceScreenDensity: 480, deviceScreenSize: 1440x2960, deviceUDID: emulator-5554, javascriptEnabled: true, locationContextEnabled: false, networkConnectionEnabled: true, pixelRatio: 3, platform: LINUX, platformName: LINUX, platformVersion: 10, resetKeyboard: true, statBarHeight: 147, takesScreenshot: true, udid: emulator-5554, unicodeKeyboard: true, viewportRect: {height: 2498, left: 0, top: 147, width: 1440}, warnings: {}, webStorageEnabled: false}
Session ID: a48a6748-a788-4a16-a568-cd77b779bd91
*** Element info: {Using=xpath, value=//android.widget.TextView[@content-desc='lognFail']}
For documentation on this error, please visit: https://www.seleniumhq.org/exceptions/no_such_element.html
Build info: version: '3.141.59', revision: 'e82be7d358', time: '2018-11-14T08:17:03'
System info: host: 'Diogos-MacBook-Pro.local', ip: '2804:431:cfd6:17a2:dd85:89b1:dcc9:7e2c%en0', os.name: 'Mac OS X', os.arch: 'x86_64', os.version: '10.15.1', java.version: '13.0.1'
Driver info: driver.version: AppiumDriver</error><system-err>An element could not be located on the page using the given search parameters.
For documentation on this error, please visit: https://www.seleniumhq.org/exceptions/no_such_element.html
Build info: version: '3.141.59', revision: 'e82be7d358', time: '2018-11-14T08:17:03'
System info: host: 'Diogos-MacBook-Pro.local', ip: '2804:431:cfd6:17a2:dd85:89b1:dcc9:7e2c%en0', os.name: 'Mac OS X', os.arch: 'x86_64', os.version: '10.15.1', java.version: '13.0.1'
Driver info: io.appium.java_client.AppiumDriver
Capabilities {app: /Users/diogodourado/Projeto..., appActivity: host.exp.exponent.MainActivity, appPackage: com.ifood.testqa, autoWebviewTimeout: 4, automationName: UiAutomator2, databaseEnabled: false, desired: {app: /Users/diogodourado/Projeto..., appActivity: host.exp.exponent.MainActivity, appPackage: com.ifood.testqa, autoWebviewTimeout: 4, automationName: UiAutomator2, deviceName: Awsomedroid, platformName: android, resetKeyboard: true, udid: emulator-5554, unicodeKeyboard: true}, deviceApiLevel: 29, deviceManufacturer: Google, deviceModel: Android SDK built for x86, deviceName: emulator-5554, deviceScreenDensity: 480, deviceScreenSize: 1440x2960, deviceUDID: emulator-5554, javascriptEnabled: true, locationContextEnabled: false, networkConnectionEnabled: true, pixelRatio: 3, platform: LINUX, platformName: LINUX, platformVersion: 10, resetKeyboard: true, statBarHeight: 147, takesScreenshot: true, udid: emulator-5554, unicodeKeyboard: true, viewportRect: {height: 2498, left: 0, top: 147, width: 1440}, warnings: {}, webStorageEnabled: false}
Session ID: a48a6748-a788-4a16-a568-cd77b779bd91
*** Element info: {Using=xpath, value=//android.widget.TextView[@content-desc='lognFail']}
For documentation on this error, please visit: https://www.seleniumhq.org/exceptions/no_such_element.html
Build info: version: '3.141.59', revision: 'e82be7d358', time: '2018-11-14T08:17:03'
System info: host: 'Diogos-MacBook-Pro.local', ip: '2804:431:cfd6:17a2:dd85:89b1:dcc9:7e2c%en0', os.name: 'Mac OS X', os.arch: 'x86_64', os.version: '10.15.1', java.version: '13.0.1'
Driver info: driver.version: AppiumDriver
io.appium.java_client.remote.AppiumCommandExecutor.execute(AppiumCommandExecutor.java:239)
io.appium.java_client.DefaultGenericMobileDriver.execute(DefaultGenericMobileDriver.java:42)
io.appium.java_client.AppiumDriver.execute(AppiumDriver.java:1)
io.appium.java_client.DefaultGenericMobileDriver.findElement(DefaultGenericMobileDriver.java:62)
io.appium.java_client.AppiumDriver.findElement(AppiumDriver.java:1)
io.appium.java_client.DefaultGenericMobileDriver.findElementByXPath(DefaultGenericMobileDriver.java:152)
io.appium.java_client.AppiumDriver.findElementByXPath(AppiumDriver.java:1)
io.appium.java_client.DefaultGenericMobileDriver.findElement(DefaultGenericMobileDriver.java:58)
io.appium.java_client.AppiumDriver.findElement(AppiumDriver.java:1)
features.elements_mapping.LoginMapping.getErrorLoginMessage(LoginMapping.java:30)
features.steps.LoginSteps.the_error_message_related_the_login_error_should_be_displayed(LoginSteps.java:42)
✽.the error message related the login error should be displayed(src/test/resources/requirements/login.feature:24)
</system-err></testcase></testsuite>